build/outputs/logs/manifest-merger-debug-report.txt
-- Merging decision tree log ---
manifest
ADDED from AsProjects\AppTest10\AndroidManifest.xml:2:1-63:12
INJECTED from AsProjects\AppTest10\AndroidManifest.xml:2:1-63:12
INJECTED from AsProjects\AppTest10\AndroidManifest.xml:2:1-63:12
INJECTED from AsProjects\AppTest10\AndroidManifest.xml:2:1-63:12
INJECTED from AsProjects\AppTest10\AndroidManifest.xml:2:1-63:12
	package
		ADDED from AsProjects\AppTest10\AndroidManifest.xml:3:5-35
	android:versionName
		ADDED from AsProjects\AppTest10\AndroidManifest.xml:5:5-30
		INJECTED from AsProjects\AppTest10\AndroidManifest.xml
		INJECTED from AsProjects\AppTest10\AndroidManifest.xml
	xmlns:android
		ADDED from AsProjects\AppTest10\AndroidManifest.xml:2:11-69
	android:versionCode
		ADDED from AsProjects\AppTest10\AndroidManifest.xml:4:5-28
		INJECTED from AsProjects\AppTest10\AndroidManifest.xml
		INJECTED from AsProjects\AppTest10\AndroidManifest.xml
uses-permission#android.permission.WRITE_EXTERNAL_STORAGE
ADDED from AsProjects\AppTest10\AndroidManifest.xml:7:5-81
	android:name
		ADDED from AsProjects\AppTest10\AndroidManifest.xml:7:22-78
uses-permission#android.permission.MOUNT_UNMOUNT_FILESYSTEMS
ADDED from AsProjects\AppTest10\AndroidManifest.xml:8:6-85
	android:name
		ADDED from AsProjects\AppTest10\AndroidManifest.xml:8:23-82
uses-permission#android.permission.INTERNET
ADDED from AsProjects\AppTest10\AndroidManifest.xml:9:5-10:23
	android:name
		ADDED from AsProjects\AppTest10\AndroidManifest.xml:9:22-64
uses-permission#android.permission.READ_EXTERNAL_STORAGE
ADDED from AsProjects\AppTest10\AndroidManifest.xml:11:5-80
	android:name
		ADDED from AsProjects\AppTest10\AndroidManifest.xml:11:22-77
uses-permission#android.permission.CHANGE_NETWORK_STATE
ADDED from AsProjects\AppTest10\AndroidManifest.xml:14:5-79
	android:name
		ADDED from AsProjects\AppTest10\AndroidManifest.xml:14:22-76
uses-permission#android.permission.CHANGE_WIFI_STATE
ADDED from AsProjects\AppTest10\AndroidManifest.xml:17:5-76
	android:name
		ADDED from AsProjects\AppTest10\AndroidManifest.xml:17:22-73
uses-permission#android.permission.ACCESS_NETWORK_STATE
ADDED from AsProjects\AppTest10\AndroidManifest.xml:20:5-79
	android:name
		ADDED from AsProjects\AppTest10\AndroidManifest.xml:20:22-76
uses-permission#android.permission.ACCESS_WIFI_STATE
ADDED from AsProjects\AppTest10\AndroidManifest.xml:23:5-76
	android:name
		ADDED from AsProjects\AppTest10\AndroidManifest.xml:23:22-73
application
ADDED from AsProjects\AppTest10\AndroidManifest.xml:32:5-61:19
	android:label
		ADDED from AsProjects\AppTest10\AndroidManifest.xml:35:9-29
	android:icon
		ADDED from AsProjects\AppTest10\AndroidManifest.xml:34:9-35
	android:allowBackup
		ADDED from AsProjects\AppTest10\AndroidManifest.xml:33:9-35
	android:theme
		ADDED from AsProjects\AppTest10\AndroidManifest.xml:36:9-40
meta-data#xposedmodule
ADDED from AsProjects\AppTest10\AndroidManifest.xml:37:9-39:36
	android:value
		ADDED from AsProjects\AppTest10\AndroidManifest.xml:39:13-33
	android:name
		ADDED from AsProjects\AppTest10\AndroidManifest.xml:38:13-40
meta-data#xposeddescription
ADDED from AsProjects\AppTest10\AndroidManifest.xml:40:9-42:36
	android:value
		ADDED from AsProjects\AppTest10\AndroidManifest.xml:42:13-33
	android:name
		ADDED from AsProjects\AppTest10\AndroidManifest.xml:41:13-45
meta-data#xposedminversion
ADDED from AsProjects\AppTest10\AndroidManifest.xml:43:9-45:34
	android:value
		ADDED from AsProjects\AppTest10\AndroidManifest.xml:45:13-31
	android:name
		ADDED from AsProjects\AppTest10\AndroidManifest.xml:44:13-44
activity#com.example.activity.MainActivity
ADDED from AsProjects\AppTest10\AndroidManifest.xml:47:9-56:20
	android:label
		ADDED from AsProjects\AppTest10\AndroidManifest.xml:49:13-33
	android:theme
		ADDED from AsProjects\AppTest10\AndroidManifest.xml:50:13-66
	android:name
		ADDED from AsProjects\AppTest10\AndroidManifest.xml:48:13-61
intent-filter#action:name:android.intent.action.MAIN+category:name:android.intent.category.LAUNCHER
ADDED from AsProjects\AppTest10\AndroidManifest.xml:51:13-55:29
action#android.intent.action.MAIN
ADDED from AsProjects\AppTest10\AndroidManifest.xml:52:17-69
	android:name
		ADDED from AsProjects\AppTest10\AndroidManifest.xml:52:25-66
category#android.intent.category.LAUNCHER
ADDED from AsProjects\AppTest10\AndroidManifest.xml:54:17-77
	android:name
		ADDED from AsProjects\AppTest10\AndroidManifest.xml:54:27-74
activity#com.example.activity.Setting
ADDED from AsProjects\AppTest10\AndroidManifest.xml:57:9-60:20
	android:theme
		ADDED from AsProjects\AppTest10\AndroidManifest.xml:59:13-66
	android:name
		ADDED from AsProjects\AppTest10\AndroidManifest.xml:58:13-56